Determining if the pthread_create exist failed with the following output:
Change Dir: /home/ht/socket_ros/build/CMakeFiles/CMakeTmp

Run Build Command:"/usr/bin/make" "cmTC_8afec/fast"
/usr/bin/make -f CMakeFiles/cmTC_8afec.dir/build.make CMakeFiles/cmTC_8afec.dir/build
make[1]: 进入目录“/home/ht/socket_ros/build/CMakeFiles/CMakeTmp”
Building C object CMakeFiles/cmTC_8afec.dir/CheckSymbolExists.c.o
/usr/bin/cc    -o CMakeFiles/cmTC_8afec.dir/CheckSymbolExists.c.o   -c /home/ht/socket_ros/build/CMakeFiles/CMakeTmp/CheckSymbolExists.c
Linking C executable cmTC_8afec
/usr/bin/cmake -E cmake_link_script CMakeFiles/cmTC_8afec.dir/link.txt --verbose=1
/usr/bin/cc      -rdynamic CMakeFiles/cmTC_8afec.dir/CheckSymbolExists.c.o  -o cmTC_8afec 
CMakeFiles/cmTC_8afec.dir/CheckSymbolExists.c.o：在函数‘main’中：
CheckSymbolExists.c:(.text+0x1b)：对‘pthread_create’未定义的引用
collect2: error: ld returned 1 exit status
CMakeFiles/cmTC_8afec.dir/build.make:97: recipe for target 'cmTC_8afec' failed
make[1]: *** [cmTC_8afec] Error 1
make[1]: 离开目录“/home/ht/socket_ros/build/CMakeFiles/CMakeTmp”
Makefile:126: recipe for target 'cmTC_8afec/fast' failed
make: *** [cmTC_8afec/fast] Error 2

File /home/ht/socket_ros/build/CMakeFiles/CMakeTmp/CheckSymbolExists.c:
/* */
#include <pthread.h>

int main(int argc, char** argv)
{
  (void)argv;
#ifndef pthread_create
  return ((int*)(&pthread_create))[argc];
#else
  (void)argc;
  return 0;
#endif
}

Determining if the function pthread_create exists in the pthreads failed with the following output:
Change Dir: /home/ht/socket_ros/build/CMakeFiles/CMakeTmp

Run Build Command:"/usr/bin/make" "cmTC_52474/fast"
/usr/bin/make -f CMakeFiles/cmTC_52474.dir/build.make CMakeFiles/cmTC_52474.dir/build
make[1]: 进入目录“/home/ht/socket_ros/build/CMakeFiles/CMakeTmp”
Building C object CMakeFiles/cmTC_52474.dir/CheckFunctionExists.c.o
/usr/bin/cc   -DCHECK_FUNCTION_EXISTS=pthread_create   -o CMakeFiles/cmTC_52474.dir/CheckFunctionExists.c.o   -c /usr/share/cmake-3.10/Modules/CheckFunctionExists.c
Linking C executable cmTC_52474
/usr/bin/cmake -E cmake_link_script CMakeFiles/cmTC_52474.dir/link.txt --verbose=1
/usr/bin/cc  -DCHECK_FUNCTION_EXISTS=pthread_create    -rdynamic CMakeFiles/cmTC_52474.dir/CheckFunctionExists.c.o  -o cmTC_52474 -lpthreads 
/usr/bin/ld: 找不到 -lpthreads
collect2: error: ld returned 1 exit status
CMakeFiles/cmTC_52474.dir/build.make:97: recipe for target 'cmTC_52474' failed
make[1]: *** [cmTC_52474] Error 1
make[1]: 离开目录“/home/ht/socket_ros/build/CMakeFiles/CMakeTmp”
Makefile:126: recipe for target 'cmTC_52474/fast' failed
make: *** [cmTC_52474/fast] Error 2


